Running: C:\Xilinx\14.7\ISE_DS\ISE\bin\nt64\unwrapped\fuse.exe -intstyle ise -incremental -o C:/Users/usuario pc/Desktop/procesador - copia/test_registerFile_isim_beh.exe -prj C:/Users/usuario pc/Desktop/procesador - copia/test_registerFile_beh.prj work.test_registerFile 
ISim P.20131013 (signature 0x7708f090)
Number of CPUs detected in this system: 4
Turning on mult-threading, number of parallel sub-compilation jobs: 8 
Determining compilation order of HDL files
Parsing VHDL file "C:/Users/usuario pc/Desktop/procesador - copia/registerFile.vhd" into library work
Parsing VHDL file "C:/Users/usuario pc/Desktop/procesador - copia/test_registerFile.vhd" into library work
Starting static elaboration
Completed static elaboration
Compiling package standard
Compiling package std_logic_1164
Compiling package std_logic_arith
Compiling package std_logic_unsigned
Compiling architecture behavioral of entity registerFile [registerfile_default]
Compiling architecture behavior of entity test_registerfile
Time Resolution for simulation is 1ps.
Compiled 7 VHDL Units
Built simulation executable C:/Users/usuario pc/Desktop/procesador - copia/test_registerFile_isim_beh.exe
Fuse Memory Usage: 32040 KB
Fuse CPU Usage: 968 ms
